[0322/192230.770:ERROR:process_reader_win.cc(123)] NtOpenThread: {Access Denied} A process has requested access to an object, but has not been granted those access rights. (0xc0000022)
[0322/192230.815:ERROR:exception_snapshot_win.cc(98)] thread ID 12180 not found in process
[0322/192808.001:ERROR:process_reader_win.cc(123)] NtOpenThread: {Access Denied} A process has requested access to an object, but has not been granted those access rights. (0xc0000022)
[0322/192808.002:ERROR:exception_snapshot_win.cc(98)] thread ID 15012 not found in process
[0322/192829.338:ERROR:process_reader_win.cc(123)] NtOpenThread: {Access Denied} A process has requested access to an object, but has not been granted those access rights. (0xc0000022)
[0322/192829.339:ERROR:exception_snapshot_win.cc(98)] thread ID 10132 not found in process
[0322/192901.913:ERROR:process_reader_win.cc(123)] NtOpenThread: {Access Denied} A process has requested access to an object, but has not been granted those access rights. (0xc0000022)
[0322/192901.914:ERROR:exception_snapshot_win.cc(98)] thread ID 12744 not found in process
[0322/192914.852:ERROR:process_reader_win.cc(123)] NtOpenThread: {Access Denied} A process has requested access to an object, but has not been granted those access rights. (0xc0000022)
[0322/192914.853:ERROR:exception_snapshot_win.cc(98)] thread ID 15492 not found in process
[0322/192929.826:ERROR:process_reader_win.cc(123)] NtOpenThread: {Access Denied} A process has requested access to an object, but has not been granted those access rights. (0xc0000022)
[0322/192929.827:ERROR:exception_snapshot_win.cc(98)] thread ID 15332 not found in process
[0322/192946.897:ERROR:process_reader_win.cc(123)] NtOpenThread: {Access Denied} A process has requested access to an object, but has not been granted those access rights. (0xc0000022)
[0322/192946.899:ERROR:exception_snapshot_win.cc(98)] thread ID 13044 not found in process
[0322/193147.741:ERROR:process_reader_win.cc(123)] NtOpenThread: {Access Denied} A process has requested access to an object, but has not been granted those access rights. (0xc0000022)
[0322/193147.742:ERROR:exception_snapshot_win.cc(98)] thread ID 15112 not found in process
[0322/193250.640:ERROR:process_reader_win.cc(123)] NtOpenThread: {Access Denied} A process has requested access to an object, but has not been granted those access rights. (0xc0000022)
[0322/193250.641:ERROR:exception_snapshot_win.cc(98)] thread ID 8408 not found in process
[0322/193307.911:ERROR:process_reader_win.cc(123)] NtOpenThread: {Access Denied} A process has requested access to an object, but has not been granted those access rights. (0xc0000022)
[0322/193307.913:ERROR:exception_snapshot_win.cc(98)] thread ID 10560 not found in process
[0322/193504.980:ERROR:process_reader_win.cc(123)] NtOpenThread: {Access Denied} A process has requested access to an object, but has not been granted those access rights. (0xc0000022)
[0322/193504.981:ERROR:exception_snapshot_win.cc(98)] thread ID 10060 not found in process
[0322/193519.607:ERROR:process_reader_win.cc(123)] NtOpenThread: {Access Denied} A process has requested access to an object, but has not been granted those access rights. (0xc0000022)
[0322/193519.608:ERROR:exception_snapshot_win.cc(98)] thread ID 12548 not found in process
[0322/194244.037:ERROR:process_reader_win.cc(123)] NtOpenThread: {Access Denied} A process has requested access to an object, but has not been granted those access rights. (0xc0000022)
[0322/194244.039:ERROR:exception_snapshot_win.cc(98)] thread ID 3532 not found in process
[0323/111312.210:ERROR:process_reader_win.cc(123)] NtOpenThread: {Access Denied} A process has requested access to an object, but has not been granted those access rights. (0xc0000022)
[0323/111312.211:ERROR:exception_snapshot_win.cc(98)] thread ID 17308 not found in process
[0323/111558.921:ERROR:process_reader_win.cc(123)] NtOpenThread: {Access Denied} A process has requested access to an object, but has not been granted those access rights. (0xc0000022)
[0323/111558.922:ERROR:exception_snapshot_win.cc(98)] thread ID 14616 not found in process
[0323/111619.267:ERROR:process_reader_win.cc(151)] SuspendThread: Access is denied. (0x5)
[0323/111619.268:ERROR:process_reader_win.cc(123)] NtOpenThread: {Access Denied} A process has requested access to an object, but has not been granted those access rights. (0xc0000022)
[0323/111619.269:ERROR:exception_snapshot_win.cc(98)] thread ID 17048 not found in process
[0323/113808.317:ERROR:process_reader_win.cc(123)] NtOpenThread: {Access Denied} A process has requested access to an object, but has not been granted those access rights. (0xc0000022)
[0323/113808.318:ERROR:exception_snapshot_win.cc(98)] thread ID 17252 not found in process
[0323/133549.591:ERROR:process_reader_win.cc(123)] NtOpenThread: {Access Denied} A process has requested access to an object, but has not been granted those access rights. (0xc0000022)
[0323/133549.592:ERROR:exception_snapshot_win.cc(98)] thread ID 18196 not found in process
[0323/134309.162:ERROR:process_reader_win.cc(151)] SuspendThread: Access is denied. (0x5)
[0323/134309.164:ERROR:process_reader_win.cc(123)] NtOpenThread: {Access Denied} A process has requested access to an object, but has not been granted those access rights. (0xc0000022)
[0323/134309.164:ERROR:exception_snapshot_win.cc(98)] thread ID 2344 not found in process
[0323/134353.049:ERROR:process_reader_win.cc(123)] NtOpenThread: {Access Denied} A process has requested access to an object, but has not been granted those access rights. (0xc0000022)
[0323/134353.053:ERROR:exception_snapshot_win.cc(98)] thread ID 18608 not found in process
[0323/134415.158:ERROR:process_reader_win.cc(151)] SuspendThread: Access is denied. (0x5)
[0323/134415.159:ERROR:process_reader_win.cc(151)] SuspendThread: Access is denied. (0x5)
[0323/134415.159:ERROR:process_reader_win.cc(151)] SuspendThread: Access is denied. (0x5)
[0323/134415.159:ERROR:process_reader_win.cc(151)] SuspendThread: Access is denied. (0x5)
[0323/134415.159:ERROR:process_reader_win.cc(123)] NtOpenThread: {Access Denied} A process has requested access to an object, but has not been granted those access rights. (0xc0000022)
[0323/134415.160:ERROR:exception_snapshot_win.cc(98)] thread ID 17528 not found in process
[0323/135007.604:ERROR:process_reader_win.cc(123)] NtOpenThread: {Access Denied} A process has requested access to an object, but has not been granted those access rights. (0xc0000022)
[0323/135007.606:ERROR:exception_snapshot_win.cc(98)] thread ID 19388 not found in process
[0323/135949.075:ERROR:process_reader_win.cc(151)] SuspendThread: Access is denied. (0x5)
[0323/135949.076:ERROR:process_reader_win.cc(151)] SuspendThread: Access is denied. (0x5)
[0323/135949.076:ERROR:process_reader_win.cc(151)] SuspendThread: Access is denied. (0x5)
[0323/135949.076:ERROR:process_reader_win.cc(123)] NtOpenThread: {Access Denied} A process has requested access to an object, but has not been granted those access rights. (0xc0000022)
[0323/135949.077:ERROR:exception_snapshot_win.cc(98)] thread ID 12136 not found in process
[0323/140009.019:ERROR:process_reader_win.cc(151)] SuspendThread: Access is denied. (0x5)
[0323/140009.020:ERROR:process_reader_win.cc(151)] SuspendThread: Access is denied. (0x5)
[0323/140009.020:ERROR:process_reader_win.cc(151)] SuspendThread: Access is denied. (0x5)
[0323/140009.020:ERROR:process_reader_win.cc(151)] SuspendThread: Access is denied. (0x5)
[0323/140009.020:ERROR:process_reader_win.cc(151)] SuspendThread: Access is denied. (0x5)
[0323/140009.020:ERROR:process_reader_win.cc(123)] NtOpenThread: {Access Denied} A process has requested access to an object, but has not been granted those access rights. (0xc0000022)
[0323/140009.020:ERROR:exception_snapshot_win.cc(98)] thread ID 19236 not found in process
[0323/140031.759:ERROR:process_reader_win.cc(123)] NtOpenThread: {Access Denied} A process has requested access to an object, but has not been granted those access rights. (0xc0000022)
[0323/140031.761:ERROR:exception_snapshot_win.cc(98)] thread ID 17000 not found in process
[0323/140045.853:ERROR:process_reader_win.cc(151)] SuspendThread: Access is denied. (0x5)
[0323/140045.854:ERROR:process_reader_win.cc(151)] SuspendThread: Access is denied. (0x5)
[0323/140045.855:ERROR:process_reader_win.cc(151)] SuspendThread: Access is denied. (0x5)
[0323/140045.855:ERROR:process_reader_win.cc(123)] NtOpenThread: {Access Denied} A process has requested access to an object, but has not been granted those access rights. (0xc0000022)
[0323/140045.855:ERROR:exception_snapshot_win.cc(98)] thread ID 9688 not found in process
[0323/140101.838:ERROR:process_reader_win.cc(123)] NtOpenThread: {Access Denied} A process has requested access to an object, but has not been granted those access rights. (0xc0000022)
[0323/140101.840:ERROR:exception_snapshot_win.cc(98)] thread ID 12844 not found in process
[0323/140113.039:ERROR:process_reader_win.cc(123)] NtOpenThread: {Access Denied} A process has requested access to an object, but has not been granted those access rights. (0xc0000022)
[0323/140113.040:ERROR:exception_snapshot_win.cc(98)] thread ID 18980 not found in process
[0323/140749.189:ERROR:process_reader_win.cc(123)] NtOpenThread: {Access Denied} A process has requested access to an object, but has not been granted those access rights. (0xc0000022)
[0323/140749.191:ERROR:exception_snapshot_win.cc(98)] thread ID 17796 not found in process
[0323/140808.697:ERROR:process_reader_win.cc(123)] NtOpenThread: {Access Denied} A process has requested access to an object, but has not been granted those access rights. (0xc0000022)
[0323/140808.699:ERROR:exception_snapshot_win.cc(98)] thread ID 17084 not found in process
[0323/150353.973:ERROR:process_reader_win.cc(123)] NtOpenThread: {Access Denied} A process has requested access to an object, but has not been granted those access rights. (0xc0000022)
[0323/150353.974:ERROR:exception_snapshot_win.cc(98)] thread ID 15856 not found in process
[0323/150353.974:ERROR:scoped_process_suspend.cc(40)] NtResumeProcess: An attempt was made to access an exiting process. (0xc000010a)
[0323/150615.058:ERROR:process_reader_win.cc(123)] NtOpenThread: {Access Denied} A process has requested access to an object, but has not been granted those access rights. (0xc0000022)
[0323/150615.060:ERROR:exception_snapshot_win.cc(98)] thread ID 16820 not found in process
[0323/150615.060:ERROR:scoped_process_suspend.cc(40)] NtResumeProcess: An attempt was made to access an exiting process. (0xc000010a)
[0323/151244.463:ERROR:process_reader_win.cc(123)] NtOpenThread: {Access Denied} A process has requested access to an object, but has not been granted those access rights. (0xc0000022)
[0323/151244.465:ERROR:exception_snapshot_win.cc(98)] thread ID 19448 not found in process
[0323/151255.620:ERROR:process_reader_win.cc(123)] NtOpenThread: {Access Denied} A process has requested access to an object, but has not been granted those access rights. (0xc0000022)
[0323/151255.621:ERROR:exception_snapshot_win.cc(98)] thread ID 5124 not found in process
[0323/151721.733:ERROR:process_reader_win.cc(123)] NtOpenThread: {Access Denied} A process has requested access to an object, but has not been granted those access rights. (0xc0000022)
[0323/151721.735:ERROR:exception_snapshot_win.cc(98)] thread ID 4684 not found in process
[0323/151910.519:ERROR:process_reader_win.cc(123)] NtOpenThread: {Access Denied} A process has requested access to an object, but has not been granted those access rights. (0xc0000022)
[0323/151910.520:ERROR:exception_snapshot_win.cc(98)] thread ID 16360 not found in process
[0323/151910.521:ERROR:scoped_process_suspend.cc(40)] NtResumeProcess: An attempt was made to access an exiting process. (0xc000010a)
[0323/153153.330:ERROR:process_reader_win.cc(123)] NtOpenThread: {Access Denied} A process has requested access to an object, but has not been granted those access rights. (0xc0000022)
[0323/153153.331:ERROR:exception_snapshot_win.cc(98)] thread ID 12068 not found in process
[0323/153153.331:ERROR:scoped_process_suspend.cc(40)] NtResumeProcess: An attempt was made to access an exiting process. (0xc000010a)
[0323/153239.223:ERROR:process_reader_win.cc(123)] NtOpenThread: {Access Denied} A process has requested access to an object, but has not been granted those access rights. (0xc0000022)
[0323/153239.224:ERROR:exception_snapshot_win.cc(98)] thread ID 11340 not found in process
[0323/153239.224:ERROR:scoped_process_suspend.cc(40)] NtResumeProcess: An attempt was made to access an exiting process. (0xc000010a)
[0323/153302.965:ERROR:process_reader_win.cc(123)] NtOpenThread: {Access Denied} A process has requested access to an object, but has not been granted those access rights. (0xc0000022)
[0323/153302.967:ERROR:exception_snapshot_win.cc(98)] thread ID 9716 not found in process
[0323/153302.967:ERROR:scoped_process_suspend.cc(40)] NtResumeProcess: An attempt was made to access an exiting process. (0xc000010a)
[0323/153330.364:ERROR:process_reader_win.cc(123)] NtOpenThread: {Access Denied} A process has requested access to an object, but has not been granted those access rights. (0xc0000022)
[0323/153330.366:ERROR:exception_snapshot_win.cc(98)] thread ID 15380 not found in process
[0323/153330.366:ERROR:scoped_process_suspend.cc(40)] NtResumeProcess: An attempt was made to access an exiting process. (0xc000010a)
[0323/153414.547:ERROR:process_reader_win.cc(123)] NtOpenThread: {Access Denied} A process has requested access to an object, but has not been granted those access rights. (0xc0000022)
[0323/153414.548:ERROR:exception_snapshot_win.cc(98)] thread ID 15468 not found in process
[0323/153756.919:ERROR:process_reader_win.cc(123)] NtOpenThread: {Access Denied} A process has requested access to an object, but has not been granted those access rights. (0xc0000022)
[0323/153756.920:ERROR:exception_snapshot_win.cc(98)] thread ID 13960 not found in process
[0323/153756.920:ERROR:scoped_process_suspend.cc(40)] NtResumeProcess: An attempt was made to access an exiting process. (0xc000010a)
[0323/153909.311:ERROR:process_reader_win.cc(123)] NtOpenThread: {Access Denied} A process has requested access to an object, but has not been granted those access rights. (0xc0000022)
[0323/153909.312:ERROR:exception_snapshot_win.cc(98)] thread ID 2876 not found in process
[0323/154033.035:ERROR:process_reader_win.cc(123)] NtOpenThread: {Access Denied} A process has requested access to an object, but has not been granted those access rights. (0xc0000022)
[0323/154033.036:ERROR:exception_snapshot_win.cc(98)] thread ID 1944 not found in process
[0323/154152.892:ERROR:process_reader_win.cc(123)] NtOpenThread: {Access Denied} A process has requested access to an object, but has not been granted those access rights. (0xc0000022)
[0323/154152.893:ERROR:exception_snapshot_win.cc(98)] thread ID 15348 not found in process
[0323/154240.897:ERROR:process_reader_win.cc(123)] NtOpenThread: {Access Denied} A process has requested access to an object, but has not been granted those access rights. (0xc0000022)
[0323/154240.898:ERROR:exception_snapshot_win.cc(98)] thread ID 6244 not found in process
[0323/154339.575:ERROR:process_reader_win.cc(123)] NtOpenThread: {Access Denied} A process has requested access to an object, but has not been granted those access rights. (0xc0000022)
[0323/154339.576:ERROR:exception_snapshot_win.cc(98)] thread ID 7404 not found in process
[0323/154413.275:ERROR:process_reader_win.cc(123)] NtOpenThread: {Access Denied} A process has requested access to an object, but has not been granted those access rights. (0xc0000022)
[0323/154413.277:ERROR:exception_snapshot_win.cc(98)] thread ID 1724 not found in process
[0323/154447.653:ERROR:process_reader_win.cc(123)] NtOpenThread: {Access Denied} A process has requested access to an object, but has not been granted those access rights. (0xc0000022)
[0323/154447.654:ERROR:exception_snapshot_win.cc(98)] thread ID 9628 not found in process
[0323/154447.654:ERROR:scoped_process_suspend.cc(40)] NtResumeProcess: An attempt was made to access an exiting process. (0xc000010a)
[0323/154513.656:ERROR:process_reader_win.cc(123)] NtOpenThread: {Access Denied} A process has requested access to an object, but has not been granted those access rights. (0xc0000022)
[0323/154513.657:ERROR:exception_snapshot_win.cc(98)] thread ID 17664 not found in process
[0323/154541.864:ERROR:process_reader_win.cc(123)] NtOpenThread: {Access Denied} A process has requested access to an object, but has not been granted those access rights. (0xc0000022)
[0323/154541.865:ERROR:exception_snapshot_win.cc(98)] thread ID 18344 not found in process
[0323/154900.926:ERROR:process_reader_win.cc(123)] NtOpenThread: {Access Denied} A process has requested access to an object, but has not been granted those access rights. (0xc0000022)
[0323/154900.927:ERROR:exception_snapshot_win.cc(98)] thread ID 16392 not found in process
[0323/154945.542:ERROR:process_reader_win.cc(123)] NtOpenThread: {Access Denied} A process has requested access to an object, but has not been granted those access rights. (0xc0000022)
[0323/154945.544:ERROR:exception_snapshot_win.cc(98)] thread ID 18492 not found in process
[0323/155455.605:ERROR:process_reader_win.cc(123)] NtOpenThread: {Access Denied} A process has requested access to an object, but has not been granted those access rights. (0xc0000022)
[0323/155455.607:ERROR:exception_snapshot_win.cc(98)] thread ID 15620 not found in process
[0323/155519.888:ERROR:process_reader_win.cc(151)] SuspendThread: Access is denied. (0x5)
[0323/155519.889:ERROR:process_reader_win.cc(151)] SuspendThread: Access is denied. (0x5)
[0323/155519.889:ERROR:process_reader_win.cc(151)] SuspendThread: Access is denied. (0x5)
[0323/155519.889:ERROR:process_reader_win.cc(151)] SuspendThread: Access is denied. (0x5)
[0323/155519.889:ERROR:process_reader_win.cc(123)] NtOpenThread: {Access Denied} A process has requested access to an object, but has not been granted those access rights. (0xc0000022)
[0323/155519.890:ERROR:exception_snapshot_win.cc(98)] thread ID 4904 not found in process
[0323/155727.516:ERROR:process_reader_win.cc(151)] SuspendThread: Access is denied. (0x5)
[0323/155727.518:ERROR:process_reader_win.cc(151)] SuspendThread: Access is denied. (0x5)
[0323/155727.518:ERROR:process_reader_win.cc(151)] SuspendThread: Access is denied. (0x5)
[0323/155727.518:ERROR:process_reader_win.cc(123)] NtOpenThread: {Access Denied} A process has requested access to an object, but has not been granted those access rights. (0xc0000022)
[0323/155727.518:ERROR:exception_snapshot_win.cc(98)] thread ID 2892 not found in process
[0323/155820.704:ERROR:process_reader_win.cc(151)] SuspendThread: Access is denied. (0x5)
[0323/155820.705:ERROR:process_reader_win.cc(151)] SuspendThread: Access is denied. (0x5)
[0323/155820.705:ERROR:process_reader_win.cc(151)] SuspendThread: Access is denied. (0x5)
[0323/155820.705:ERROR:process_reader_win.cc(151)] SuspendThread: Access is denied. (0x5)
[0323/155820.705:ERROR:process_reader_win.cc(151)] SuspendThread: Access is denied. (0x5)
[0323/155820.705:ERROR:process_reader_win.cc(151)] SuspendThread: Access is denied. (0x5)
[0323/155820.706:ERROR:process_reader_win.cc(151)] SuspendThread: Access is denied. (0x5)
[0323/155820.706:ERROR:process_reader_win.cc(123)] NtOpenThread: {Access Denied} A process has requested access to an object, but has not been granted those access rights. (0xc0000022)
[0323/155820.706:ERROR:exception_snapshot_win.cc(98)] thread ID 18564 not found in process
[0323/160511.530:ERROR:process_reader_win.cc(123)] NtOpenThread: {Access Denied} A process has requested access to an object, but has not been granted those access rights. (0xc0000022)
[0323/160511.531:ERROR:exception_snapshot_win.cc(98)] thread ID 13924 not found in process
[0323/160521.762:ERROR:process_reader_win.cc(151)] SuspendThread: Access is denied. (0x5)
[0323/160521.763:ERROR:process_reader_win.cc(151)] SuspendThread: Access is denied. (0x5)
[0323/160521.763:ERROR:process_reader_win.cc(151)] SuspendThread: Access is denied. (0x5)
[0323/160521.763:ERROR:process_reader_win.cc(151)] SuspendThread: Access is denied. (0x5)
[0323/160521.763:ERROR:process_reader_win.cc(123)] NtOpenThread: {Access Denied} A process has requested access to an object, but has not been granted those access rights. (0xc0000022)
[0323/160521.764:ERROR:exception_snapshot_win.cc(98)] thread ID 17280 not found in process
[0323/162543.111:ERROR:process_reader_win.cc(123)] NtOpenThread: {Access Denied} A process has requested access to an object, but has not been granted those access rights. (0xc0000022)
[0323/162543.113:ERROR:exception_snapshot_win.cc(98)] thread ID 11852 not found in process
[0323/162707.748:ERROR:process_reader_win.cc(123)] NtOpenThread: {Access Denied} A process has requested access to an object, but has not been granted those access rights. (0xc0000022)
[0323/162707.750:ERROR:exception_snapshot_win.cc(98)] thread ID 13904 not found in process
[0323/162707.750:ERROR:scoped_process_suspend.cc(40)] NtResumeProcess: An attempt was made to access an exiting process. (0xc000010a)
[0323/162735.570:ERROR:process_reader_win.cc(123)] NtOpenThread: {Access Denied} A process has requested access to an object, but has not been granted those access rights. (0xc0000022)
[0323/162735.572:ERROR:exception_snapshot_win.cc(98)] thread ID 15744 not found in process
[0323/162735.572:ERROR:scoped_process_suspend.cc(40)] NtResumeProcess: An attempt was made to access an exiting process. (0xc000010a)
[0323/162756.897:ERROR:process_reader_win.cc(123)] NtOpenThread: {Access Denied} A process has requested access to an object, but has not been granted those access rights. (0xc0000022)
[0323/162756.899:ERROR:exception_snapshot_win.cc(98)] thread ID 3532 not found in process
[0323/163008.076:ERROR:process_reader_win.cc(123)] NtOpenThread: {Access Denied} A process has requested access to an object, but has not been granted those access rights. (0xc0000022)
[0323/163008.078:ERROR:exception_snapshot_win.cc(98)] thread ID 10788 not found in process
[0323/163008.078:ERROR:scoped_process_suspend.cc(40)] NtResumeProcess: An attempt was made to access an exiting process. (0xc000010a)
[0323/163037.480:ERROR:process_reader_win.cc(123)] NtOpenThread: {Access Denied} A process has requested access to an object, but has not been granted those access rights. (0xc0000022)
[0323/163037.482:ERROR:exception_snapshot_win.cc(98)] thread ID 17280 not found in process
[0323/163053.356:ERROR:process_reader_win.cc(123)] NtOpenThread: {Access Denied} A process has requested access to an object, but has not been granted those access rights. (0xc0000022)
[0323/163053.357:ERROR:exception_snapshot_win.cc(98)] thread ID 18592 not found in process
[0323/163053.358:ERROR:scoped_process_suspend.cc(40)] NtResumeProcess: An attempt was made to access an exiting process. (0xc000010a)
[0323/163114.201:ERROR:process_reader_win.cc(123)] NtOpenThread: {Access Denied} A process has requested access to an object, but has not been granted those access rights. (0xc0000022)
[0323/163114.203:ERROR:exception_snapshot_win.cc(98)] thread ID 13868 not found in process
[0323/163114.203:ERROR:scoped_process_suspend.cc(40)] NtResumeProcess: An attempt was made to access an exiting process. (0xc000010a)
[0323/163324.625:ERROR:process_reader_win.cc(151)] SuspendThread: Access is denied. (0x5)
[0323/163324.627:ERROR:process_reader_win.cc(151)] SuspendThread: Access is denied. (0x5)
[0323/163324.627:ERROR:process_reader_win.cc(151)] SuspendThread: Access is denied. (0x5)
[0323/163324.627:ERROR:process_reader_win.cc(151)] SuspendThread: Access is denied. (0x5)
[0323/163324.627:ERROR:process_reader_win.cc(151)] SuspendThread: Access is denied. (0x5)
[0323/163324.627:ERROR:process_reader_win.cc(151)] SuspendThread: Access is denied. (0x5)
[0323/163324.627:ERROR:process_reader_win.cc(151)] SuspendThread: Access is denied. (0x5)
[0323/163324.627:ERROR:process_reader_win.cc(151)] SuspendThread: Access is denied. (0x5)
[0323/163324.627:ERROR:process_reader_win.cc(123)] NtOpenThread: {Access Denied} A process has requested access to an object, but has not been granted those access rights. (0xc0000022)
[0323/163324.628:ERROR:exception_snapshot_win.cc(98)] thread ID 15600 not found in process
[0323/163433.841:ERROR:process_reader_win.cc(123)] NtOpenThread: {Access Denied} A process has requested access to an object, but has not been granted those access rights. (0xc0000022)
[0323/163433.843:ERROR:exception_snapshot_win.cc(98)] thread ID 18796 not found in process
[0323/163433.843:ERROR:scoped_process_suspend.cc(40)] NtResumeProcess: An attempt was made to access an exiting process. (0xc000010a)
[0323/163708.682:ERROR:process_reader_win.cc(123)] NtOpenThread: {Access Denied} A process has requested access to an object, but has not been granted those access rights. (0xc0000022)
[0323/163708.684:ERROR:exception_snapshot_win.cc(98)] thread ID 16704 not found in process
[0323/165436.619:ERROR:process_reader_win.cc(123)] NtOpenThread: {Access Denied} A process has requested access to an object, but has not been granted those access rights. (0xc0000022)
[0323/165436.621:ERROR:exception_snapshot_win.cc(98)] thread ID 17764 not found in process
[0323/165436.621:ERROR:scoped_process_suspend.cc(40)] NtResumeProcess: An attempt was made to access an exiting process. (0xc000010a)
[0323/165458.796:ERROR:process_reader_win.cc(123)] NtOpenThread: {Access Denied} A process has requested access to an object, but has not been granted those access rights. (0xc0000022)
[0323/165458.798:ERROR:exception_snapshot_win.cc(98)] thread ID 18520 not found in process
[0323/165458.798:ERROR:scoped_process_suspend.cc(40)] NtResumeProcess: An attempt was made to access an exiting process. (0xc000010a)
[0323/165520.690:ERROR:process_reader_win.cc(123)] NtOpenThread: {Access Denied} A process has requested access to an object, but has not been granted those access rights. (0xc0000022)
[0323/165520.692:ERROR:exception_snapshot_win.cc(98)] thread ID 12136 not found in process
[0323/165556.837:ERROR:process_reader_win.cc(123)] NtOpenThread: {Access Denied} A process has requested access to an object, but has not been granted those access rights. (0xc0000022)
[0323/165556.839:ERROR:exception_snapshot_win.cc(98)] thread ID 3128 not found in process
[0323/170204.311:ERROR:process_reader_win.cc(123)] NtOpenThread: {Access Denied} A process has requested access to an object, but has not been granted those access rights. (0xc0000022)
[0323/170204.313:ERROR:exception_snapshot_win.cc(98)] thread ID 15712 not found in process
[0323/170357.017:ERROR:process_reader_win.cc(123)] NtOpenThread: {Access Denied} A process has requested access to an object, but has not been granted those access rights. (0xc0000022)
[0323/170357.018:ERROR:exception_snapshot_win.cc(98)] thread ID 16328 not found in process
[0323/170357.019:ERROR:scoped_process_suspend.cc(40)] NtResumeProcess: An attempt was made to access an exiting process. (0xc000010a)
[0323/170706.538:ERROR:process_reader_win.cc(123)] NtOpenThread: {Access Denied} A process has requested access to an object, but has not been granted those access rights. (0xc0000022)
[0323/170706.539:ERROR:exception_snapshot_win.cc(98)] thread ID 16588 not found in process
[0323/170836.657:ERROR:process_reader_win.cc(123)] NtOpenThread: {Access Denied} A process has requested access to an object, but has not been granted those access rights. (0xc0000022)
[0323/170836.659:ERROR:exception_snapshot_win.cc(98)] thread ID 16656 not found in process
[0323/170953.931:ERROR:process_reader_win.cc(123)] NtOpenThread: {Access Denied} A process has requested access to an object, but has not been granted those access rights. (0xc0000022)
[0323/170953.933:ERROR:exception_snapshot_win.cc(98)] thread ID 16768 not found in process
[0323/170953.933:ERROR:scoped_process_suspend.cc(40)] NtResumeProcess: An attempt was made to access an exiting process. (0xc000010a)
[0323/171057.527:ERROR:process_reader_win.cc(123)] NtOpenThread: {Access Denied} A process has requested access to an object, but has not been granted those access rights. (0xc0000022)
[0323/171057.529:ERROR:exception_snapshot_win.cc(98)] thread ID 13144 not found in process
[0323/171057.529:ERROR:scoped_process_suspend.cc(40)] NtResumeProcess: An attempt was made to access an exiting process. (0xc000010a)
[0323/171221.583:ERROR:process_reader_win.cc(123)] NtOpenThread: {Access Denied} A process has requested access to an object, but has not been granted those access rights. (0xc0000022)
[0323/171221.584:ERROR:exception_snapshot_win.cc(98)] thread ID 16716 not found in process
[0323/171534.615:ERROR:process_reader_win.cc(123)] NtOpenThread: {Access Denied} A process has requested access to an object, but has not been granted those access rights. (0xc0000022)
[0323/171534.616:ERROR:exception_snapshot_win.cc(98)] thread ID 8320 not found in process
[0323/171605.705:ERROR:process_reader_win.cc(123)] NtOpenThread: {Access Denied} A process has requested access to an object, but has not been granted those access rights. (0xc0000022)
[0323/171605.706:ERROR:exception_snapshot_win.cc(98)] thread ID 9996 not found in process
[0323/172229.324:ERROR:process_reader_win.cc(123)] NtOpenThread: {Access Denied} A process has requested access to an object, but has not been granted those access rights. (0xc0000022)
[0323/172229.326:ERROR:exception_snapshot_win.cc(98)] thread ID 14540 not found in process
[0323/172310.222:ERROR:process_reader_win.cc(123)] NtOpenThread: {Access Denied} A process has requested access to an object, but has not been granted those access rights. (0xc0000022)
[0323/172310.223:ERROR:exception_snapshot_win.cc(98)] thread ID 16540 not found in process
[0323/172358.134:ERROR:process_reader_win.cc(123)] NtOpenThread: {Access Denied} A process has requested access to an object, but has not been granted those access rights. (0xc0000022)
[0323/172358.135:ERROR:exception_snapshot_win.cc(98)] thread ID 9628 not found in process
[0323/172520.015:ERROR:process_reader_win.cc(123)] NtOpenThread: {Access Denied} A process has requested access to an object, but has not been granted those access rights. (0xc0000022)
[0323/172520.017:ERROR:exception_snapshot_win.cc(98)] thread ID 15772 not found in process
[0323/172549.010:ERROR:process_reader_win.cc(123)] NtOpenThread: {Access Denied} A process has requested access to an object, but has not been granted those access rights. (0xc0000022)
[0323/172549.011:ERROR:exception_snapshot_win.cc(98)] thread ID 17064 not found in process
[0323/172819.790:ERROR:process_reader_win.cc(123)] NtOpenThread: {Access Denied} A process has requested access to an object, but has not been granted those access rights. (0xc0000022)
[0323/172819.792:ERROR:exception_snapshot_win.cc(98)] thread ID 12336 not found in process
[0323/182125.886:ERROR:process_reader_win.cc(123)] NtOpenThread: {Access Denied} A process has requested access to an object, but has not been granted those access rights. (0xc0000022)
[0323/182125.888:ERROR:exception_snapshot_win.cc(98)] thread ID 18900 not found in process
[0323/184528.624:ERROR:process_reader_win.cc(123)] NtOpenThread: {Access Denied} A process has requested access to an object, but has not been granted those access rights. (0xc0000022)
[0323/184528.626:ERROR:exception_snapshot_win.cc(98)] thread ID 18532 not found in process
[0323/184554.700:ERROR:process_reader_win.cc(123)] NtOpenThread: {Access Denied} A process has requested access to an object, but has not been granted those access rights. (0xc0000022)
[0323/184554.701:ERROR:exception_snapshot_win.cc(98)] thread ID 16236 not found in process
[0323/184635.303:ERROR:process_reader_win.cc(123)] NtOpenThread: {Access Denied} A process has requested access to an object, but has not been granted those access rights. (0xc0000022)
[0323/184635.305:ERROR:exception_snapshot_win.cc(98)] thread ID 17976 not found in process
[0323/184716.720:ERROR:process_reader_win.cc(123)] NtOpenThread: {Access Denied} A process has requested access to an object, but has not been granted those access rights. (0xc0000022)
[0323/184716.721:ERROR:exception_snapshot_win.cc(98)] thread ID 7248 not found in process
[0323/184822.629:ERROR:process_reader_win.cc(123)] NtOpenThread: {Access Denied} A process has requested access to an object, but has not been granted those access rights. (0xc0000022)
[0323/184822.631:ERROR:exception_snapshot_win.cc(98)] thread ID 16320 not found in process
[0323/185859.555:ERROR:process_reader_win.cc(123)] NtOpenThread: {Access Denied} A process has requested access to an object, but has not been granted those access rights. (0xc0000022)
[0323/185859.557:ERROR:exception_snapshot_win.cc(98)] thread ID 14636 not found in process
[0323/185937.701:ERROR:process_reader_win.cc(123)] NtOpenThread: {Access Denied} A process has requested access to an object, but has not been granted those access rights. (0xc0000022)
[0323/185937.702:ERROR:exception_snapshot_win.cc(98)] thread ID 15312 not found in process
[0323/190009.631:ERROR:process_reader_win.cc(123)] NtOpenThread: {Access Denied} A process has requested access to an object, but has not been granted those access rights. (0xc0000022)
[0323/190009.633:ERROR:exception_snapshot_win.cc(98)] thread ID 16460 not found in process
[0323/190849.192:ERROR:process_reader_win.cc(123)] NtOpenThread: {Access Denied} A process has requested access to an object, but has not been granted those access rights. (0xc0000022)
[0323/190849.194:ERROR:exception_snapshot_win.cc(98)] thread ID 15536 not found in process
[0323/192229.410:ERROR:process_reader_win.cc(123)] NtOpenThread: {Access Denied} A process has requested access to an object, but has not been granted those access rights. (0xc0000022)
[0323/192229.411:ERROR:exception_snapshot_win.cc(98)] thread ID 6108 not found in process
[0323/192242.635:ERROR:process_reader_win.cc(151)] SuspendThread: Access is denied. (0x5)
[0323/192242.636:ERROR:process_reader_win.cc(151)] SuspendThread: Access is denied. (0x5)
[0323/192242.636:ERROR:process_reader_win.cc(151)] SuspendThread: Access is denied. (0x5)
[0323/192242.636:ERROR:process_reader_win.cc(123)] NtOpenThread: {Access Denied} A process has requested access to an object, but has not been granted those access rights. (0xc0000022)
[0323/192242.637:ERROR:exception_snapshot_win.cc(98)] thread ID 10152 not found in process
[0323/192342.277:ERROR:process_reader_win.cc(123)] NtOpenThread: {Access Denied} A process has requested access to an object, but has not been granted those access rights. (0xc0000022)
[0323/192342.278:ERROR:exception_snapshot_win.cc(98)] thread ID 14052 not found in process
[0323/192401.590:ERROR:process_reader_win.cc(123)] NtOpenThread: {Access Denied} A process has requested access to an object, but has not been granted those access rights. (0xc0000022)
[0323/192401.591:ERROR:exception_snapshot_win.cc(98)] thread ID 14192 not found in process
[0323/193137.652:ERROR:process_reader_win.cc(123)] NtOpenThread: {Access Denied} A process has requested access to an object, but has not been granted those access rights. (0xc0000022)
[0323/193137.654:ERROR:exception_snapshot_win.cc(98)] thread ID 12640 not found in process
[0323/193205.403:ERROR:process_reader_win.cc(123)] NtOpenThread: {Access Denied} A process has requested access to an object, but has not been granted those access rights. (0xc0000022)
[0323/193205.404:ERROR:exception_snapshot_win.cc(98)] thread ID 18892 not found in process
[0323/193914.323:ERROR:process_reader_win.cc(123)] NtOpenThread: {Access Denied} A process has requested access to an object, but has not been granted those access rights. (0xc0000022)
[0323/193914.324:ERROR:exception_snapshot_win.cc(98)] thread ID 19312 not found in process
[0323/194014.525:ERROR:process_reader_win.cc(123)] NtOpenThread: {Access Denied} A process has requested access to an object, but has not been granted those access rights. (0xc0000022)
[0323/194014.527:ERROR:exception_snapshot_win.cc(98)] thread ID 7728 not found in process
[0323/194110.872:ERROR:process_reader_win.cc(123)] NtOpenThread: {Access Denied} A process has requested access to an object, but has not been granted those access rights. (0xc0000022)
[0323/194110.874:ERROR:exception_snapshot_win.cc(98)] thread ID 9908 not found in process
[0323/194348.491:ERROR:process_reader_win.cc(123)] NtOpenThread: {Access Denied} A process has requested access to an object, but has not been granted those access rights. (0xc0000022)
[0323/194348.493:ERROR:exception_snapshot_win.cc(98)] thread ID 12036 not found in process
[0323/194412.467:ERROR:process_reader_win.cc(123)] NtOpenThread: {Access Denied} A process has requested access to an object, but has not been granted those access rights. (0xc0000022)
[0323/194412.469:ERROR:exception_snapshot_win.cc(98)] thread ID 12332 not found in process
[0323/194412.469:ERROR:scoped_process_suspend.cc(40)] NtResumeProcess: An attempt was made to access an exiting process. (0xc000010a)
[0323/194446.697:ERROR:process_reader_win.cc(123)] NtOpenThread: {Access Denied} A process has requested access to an object, but has not been granted those access rights. (0xc0000022)
[0323/194446.698:ERROR:exception_snapshot_win.cc(98)] thread ID 18508 not found in process
[0323/194504.654:ERROR:process_reader_win.cc(123)] NtOpenThread: {Access Denied} A process has requested access to an object, but has not been granted those access rights. (0xc0000022)
[0323/194504.656:ERROR:exception_snapshot_win.cc(98)] thread ID 14472 not found in process
[0323/194558.838:ERROR:process_reader_win.cc(123)] NtOpenThread: {Access Denied} A process has requested access to an object, but has not been granted those access rights. (0xc0000022)
[0323/194558.840:ERROR:exception_snapshot_win.cc(98)] thread ID 16868 not found in process
[0323/194620.613:ERROR:process_reader_win.cc(123)] NtOpenThread: {Access Denied} A process has requested access to an object, but has not been granted those access rights. (0xc0000022)
[0323/194620.615:ERROR:exception_snapshot_win.cc(98)] thread ID 12812 not found in process
[0323/194638.790:ERROR:process_reader_win.cc(123)] NtOpenThread: {Access Denied} A process has requested access to an object, but has not been granted those access rights. (0xc0000022)
[0323/194638.792:ERROR:exception_snapshot_win.cc(98)] thread ID 18240 not found in process
[0323/194741.161:ERROR:process_reader_win.cc(123)] NtOpenThread: {Access Denied} A process has requested access to an object, but has not been granted those access rights. (0xc0000022)
[0323/194741.162:ERROR:exception_snapshot_win.cc(98)] thread ID 18048 not found in process
[0323/195030.521:ERROR:process_reader_win.cc(123)] NtOpenThread: {Access Denied} A process has requested access to an object, but has not been granted those access rights. (0xc0000022)
[0323/195030.523:ERROR:exception_snapshot_win.cc(98)] thread ID 14236 not found in process
[0323/195048.563:ERROR:process_reader_win.cc(123)] NtOpenThread: {Access Denied} A process has requested access to an object, but has not been granted those access rights. (0xc0000022)
[0323/195048.564:ERROR:exception_snapshot_win.cc(98)] thread ID 16928 not found in process
[0323/195135.650:ERROR:process_reader_win.cc(123)] NtOpenThread: {Access Denied} A process has requested access to an object, but has not been granted those access rights. (0xc0000022)
[0323/195135.652:ERROR:exception_snapshot_win.cc(98)] thread ID 18456 not found in process
[0323/195201.259:ERROR:process_reader_win.cc(123)] NtOpenThread: {Access Denied} A process has requested access to an object, but has not been granted those access rights. (0xc0000022)
[0323/195201.261:ERROR:exception_snapshot_win.cc(98)] thread ID 19336 not found in process
[0323/195213.165:ERROR:process_reader_win.cc(123)] NtOpenThread: {Access Denied} A process has requested access to an object, but has not been granted those access rights. (0xc0000022)
[0323/195213.167:ERROR:exception_snapshot_win.cc(98)] thread ID 17020 not found in process
[0323/195223.379:ERROR:process_reader_win.cc(151)] SuspendThread: Access is denied. (0x5)
[0323/195223.381:ERROR:process_reader_win.cc(123)] NtOpenThread: {Access Denied} A process has requested access to an object, but has not been granted those access rights. (0xc0000022)
[0323/195223.381:ERROR:exception_snapshot_win.cc(98)] thread ID 16528 not found in process
[0323/195233.918:ERROR:process_reader_win.cc(123)] NtOpenThread: {Access Denied} A process has requested access to an object, but has not been granted those access rights. (0xc0000022)
[0323/195233.919:ERROR:exception_snapshot_win.cc(98)] thread ID 15616 not found in process
[0323/195246.919:ERROR:process_reader_win.cc(123)] NtOpenThread: {Access Denied} A process has requested access to an object, but has not been granted those access rights. (0xc0000022)
[0323/195246.921:ERROR:exception_snapshot_win.cc(98)] thread ID 2392 not found in process
[0323/195302.212:ERROR:process_reader_win.cc(123)] NtOpenThread: {Access Denied} A process has requested access to an object, but has not been granted those access rights. (0xc0000022)
[0323/195302.213:ERROR:exception_snapshot_win.cc(98)] thread ID 17784 not found in process
[0323/195332.638:ERROR:process_reader_win.cc(123)] NtOpenThread: {Access Denied} A process has requested access to an object, but has not been granted those access rights. (0xc0000022)
[0323/195332.639:ERROR:exception_snapshot_win.cc(98)] thread ID 16504 not found in process
[0323/195514.974:ERROR:process_reader_win.cc(123)] NtOpenThread: {Access Denied} A process has requested access to an object, but has not been granted those access rights. (0xc0000022)
[0323/195514.975:ERROR:exception_snapshot_win.cc(98)] thread ID 13620 not found in process
[0323/195551.016:ERROR:process_reader_win.cc(123)] NtOpenThread: {Access Denied} A process has requested access to an object, but has not been granted those access rights. (0xc0000022)
[0323/195551.018:ERROR:exception_snapshot_win.cc(98)] thread ID 19252 not found in process
[0323/195607.613:ERROR:process_reader_win.cc(123)] NtOpenThread: {Access Denied} A process has requested access to an object, but has not been granted those access rights. (0xc0000022)
[0323/195607.614:ERROR:exception_snapshot_win.cc(98)] thread ID 11248 not found in process
[0323/195736.524:ERROR:process_reader_win.cc(123)] NtOpenThread: {Access Denied} A process has requested access to an object, but has not been granted those access rights. (0xc0000022)
[0323/195736.526:ERROR:exception_snapshot_win.cc(98)] thread ID 16932 not found in process
[0323/195817.564:ERROR:process_reader_win.cc(123)] NtOpenThread: {Access Denied} A process has requested access to an object, but has not been granted those access rights. (0xc0000022)
[0323/195817.566:ERROR:exception_snapshot_win.cc(98)] thread ID 11144 not found in process
[0323/195828.376:ERROR:process_reader_win.cc(123)] NtOpenThread: {Access Denied} A process has requested access to an object, but has not been granted those access rights. (0xc0000022)
[0323/195828.378:ERROR:exception_snapshot_win.cc(98)] thread ID 12428 not found in process
[0323/200045.475:ERROR:process_reader_win.cc(123)] NtOpenThread: {Access Denied} A process has requested access to an object, but has not been granted those access rights. (0xc0000022)
[0323/200045.476:ERROR:exception_snapshot_win.cc(98)] thread ID 17980 not found in process
[0323/200104.022:ERROR:process_reader_win.cc(123)] NtOpenThread: {Access Denied} A process has requested access to an object, but has not been granted those access rights. (0xc0000022)
[0323/200104.023:ERROR:exception_snapshot_win.cc(98)] thread ID 4416 not found in process
[0323/200137.712:ERROR:process_reader_win.cc(123)] NtOpenThread: {Access Denied} A process has requested access to an object, but has not been granted those access rights. (0xc0000022)
[0323/200137.714:ERROR:exception_snapshot_win.cc(98)] thread ID 12248 not found in process
[0323/200218.699:ERROR:process_reader_win.cc(123)] NtOpenThread: {Access Denied} A process has requested access to an object, but has not been granted those access rights. (0xc0000022)
[0323/200218.701:ERROR:exception_snapshot_win.cc(98)] thread ID 17912 not found in process
[0323/200316.391:ERROR:process_reader_win.cc(123)] NtOpenThread: {Access Denied} A process has requested access to an object, but has not been granted those access rights. (0xc0000022)
[0323/200316.393:ERROR:exception_snapshot_win.cc(98)] thread ID 14524 not found in process
[0325/093843.701:ERROR:process_reader_win.cc(123)] NtOpenThread: {Access Denied} A process has requested access to an object, but has not been granted those access rights. (0xc0000022)
[0325/093843.703:ERROR:exception_snapshot_win.cc(98)] thread ID 12036 not found in process
[0325/093920.200:ERROR:process_reader_win.cc(123)] NtOpenThread: {Access Denied} A process has requested access to an object, but has not been granted those access rights. (0xc0000022)
[0325/093920.201:ERROR:exception_snapshot_win.cc(98)] thread ID 7888 not found in process
[0325/093937.124:ERROR:process_reader_win.cc(123)] NtOpenThread: {Access Denied} A process has requested access to an object, but has not been granted those access rights. (0xc0000022)
[0325/093937.125:ERROR:exception_snapshot_win.cc(98)] thread ID 19612 not found in process
[0325/093958.724:ERROR:process_reader_win.cc(151)] SuspendThread: Access is denied. (0x5)
[0325/093958.725:ERROR:process_reader_win.cc(123)] NtOpenThread: {Access Denied} A process has requested access to an object, but has not been granted those access rights. (0xc0000022)
[0325/093958.726:ERROR:exception_snapshot_win.cc(98)] thread ID 6724 not found in process
[0325/094224.080:ERROR:process_reader_win.cc(123)] NtOpenThread: {Access Denied} A process has requested access to an object, but has not been granted those access rights. (0xc0000022)
[0325/094224.081:ERROR:exception_snapshot_win.cc(98)] thread ID 11884 not found in process
[0325/094332.020:ERROR:process_reader_win.cc(123)] NtOpenThread: {Access Denied} A process has requested access to an object, but has not been granted those access rights. (0xc0000022)
[0325/094332.022:ERROR:exception_snapshot_win.cc(98)] thread ID 16732 not found in process
[0325/094418.874:ERROR:process_reader_win.cc(123)] NtOpenThread: {Access Denied} A process has requested access to an object, but has not been granted those access rights. (0xc0000022)
[0325/094418.875:ERROR:exception_snapshot_win.cc(98)] thread ID 2208 not found in process
[0325/094456.673:ERROR:process_reader_win.cc(123)] NtOpenThread: {Access Denied} A process has requested access to an object, but has not been granted those access rights. (0xc0000022)
[0325/094456.674:ERROR:exception_snapshot_win.cc(98)] thread ID 7388 not found in process
[0325/094612.450:ERROR:process_reader_win.cc(123)] NtOpenThread: {Access Denied} A process has requested access to an object, but has not been granted those access rights. (0xc0000022)
[0325/094612.451:ERROR:exception_snapshot_win.cc(98)] thread ID 12892 not found in process
[0325/094944.923:ERROR:process_reader_win.cc(123)] NtOpenThread: {Access Denied} A process has requested access to an object, but has not been granted those access rights. (0xc0000022)
[0325/094944.925:ERROR:exception_snapshot_win.cc(98)] thread ID 17036 not found in process
[0325/095011.380:ERROR:process_reader_win.cc(123)] NtOpenThread: {Access Denied} A process has requested access to an object, but has not been granted those access rights. (0xc0000022)
[0325/095011.382:ERROR:exception_snapshot_win.cc(98)] thread ID 19548 not found in process
[0325/095056.982:ERROR:process_reader_win.cc(123)] NtOpenThread: {Access Denied} A process has requested access to an object, but has not been granted those access rights. (0xc0000022)
[0325/095056.984:ERROR:exception_snapshot_win.cc(98)] thread ID 18180 not found in process
[0325/095113.789:ERROR:process_reader_win.cc(123)] NtOpenThread: {Access Denied} A process has requested access to an object, but has not been granted those access rights. (0xc0000022)
[0325/095113.791:ERROR:exception_snapshot_win.cc(98)] thread ID 20136 not found in process
[0325/095135.061:ERROR:process_reader_win.cc(123)] NtOpenThread: {Access Denied} A process has requested access to an object, but has not been granted those access rights. (0xc0000022)
[0325/095135.063:ERROR:exception_snapshot_win.cc(98)] thread ID 19396 not found in process
[0325/095204.919:ERROR:process_reader_win.cc(123)] NtOpenThread: {Access Denied} A process has requested access to an object, but has not been granted those access rights. (0xc0000022)
[0325/095204.922:ERROR:exception_snapshot_win.cc(98)] thread ID 17404 not found in process
[0325/095331.756:ERROR:process_reader_win.cc(123)] NtOpenThread: {Access Denied} A process has requested access to an object, but has not been granted those access rights. (0xc0000022)
[0325/095331.758:ERROR:exception_snapshot_win.cc(98)] thread ID 10476 not found in process
[0325/095331.758:ERROR:scoped_process_suspend.cc(40)] NtResumeProcess: An attempt was made to access an exiting process. (0xc000010a)
[0325/095416.622:ERROR:process_reader_win.cc(123)] NtOpenThread: {Access Denied} A process has requested access to an object, but has not been granted those access rights. (0xc0000022)
[0325/095416.623:ERROR:exception_snapshot_win.cc(98)] thread ID 20240 not found in process
[0325/095455.108:ERROR:process_reader_win.cc(123)] NtOpenThread: {Access Denied} A process has requested access to an object, but has not been granted those access rights. (0xc0000022)
[0325/095455.109:ERROR:exception_snapshot_win.cc(98)] thread ID 10448 not found in process
[0325/095455.110:ERROR:scoped_process_suspend.cc(40)] NtResumeProcess: An attempt was made to access an exiting process. (0xc000010a)
[0325/095505.662:ERROR:process_reader_win.cc(123)] NtOpenThread: {Access Denied} A process has requested access to an object, but has not been granted those access rights. (0xc0000022)
[0325/095505.664:ERROR:exception_snapshot_win.cc(98)] thread ID 14668 not found in process
[0325/095530.835:ERROR:process_reader_win.cc(123)] NtOpenThread: {Access Denied} A process has requested access to an object, but has not been granted those access rights. (0xc0000022)
[0325/095530.837:ERROR:exception_snapshot_win.cc(98)] thread ID 12756 not found in process
[0325/095736.156:ERROR:process_reader_win.cc(123)] NtOpenThread: {Access Denied} A process has requested access to an object, but has not been granted those access rights. (0xc0000022)
[0325/095736.157:ERROR:exception_snapshot_win.cc(98)] thread ID 9992 not found in process
[0325/095745.640:ERROR:process_reader_win.cc(123)] NtOpenThread: {Access Denied} A process has requested access to an object, but has not been granted those access rights. (0xc0000022)
[0325/095745.642:ERROR:exception_snapshot_win.cc(98)] thread ID 19724 not found in process
[0325/095838.679:ERROR:process_reader_win.cc(123)] NtOpenThread: {Access Denied} A process has requested access to an object, but has not been granted those access rights. (0xc0000022)
[0325/095838.680:ERROR:exception_snapshot_win.cc(98)] thread ID 856 not found in process
[0325/095856.090:ERROR:process_reader_win.cc(123)] NtOpenThread: {Access Denied} A process has requested access to an object, but has not been granted those access rights. (0xc0000022)
[0325/095856.092:ERROR:exception_snapshot_win.cc(98)] thread ID 20296 not found in process
[0325/095905.271:ERROR:process_reader_win.cc(123)] NtOpenThread: {Access Denied} A process has requested access to an object, but has not been granted those access rights. (0xc0000022)
[0325/095905.272:ERROR:exception_snapshot_win.cc(98)] thread ID 14668 not found in process
[0325/095935.086:ERROR:process_reader_win.cc(123)] NtOpenThread: {Access Denied} A process has requested access to an object, but has not been granted those access rights. (0xc0000022)
[0325/095935.088:ERROR:exception_snapshot_win.cc(98)] thread ID 15992 not found in process
[0325/095948.639:ERROR:process_reader_win.cc(123)] NtOpenThread: {Access Denied} A process has requested access to an object, but has not been granted those access rights. (0xc0000022)
[0325/095948.640:ERROR:exception_snapshot_win.cc(98)] thread ID 4160 not found in process
[0325/100815.633:ERROR:process_reader_win.cc(123)] NtOpenThread: {Access Denied} A process has requested access to an object, but has not been granted those access rights. (0xc0000022)
[0325/100815.635:ERROR:exception_snapshot_win.cc(98)] thread ID 14928 not found in process
[0325/101425.093:ERROR:process_reader_win.cc(123)] NtOpenThread: {Access Denied} A process has requested access to an object, but has not been granted those access rights. (0xc0000022)
[0325/101425.095:ERROR:exception_snapshot_win.cc(98)] thread ID 19848 not found in process
[0325/101425.095:ERROR:scoped_process_suspend.cc(40)] NtResumeProcess: An attempt was made to access an exiting process. (0xc000010a)
[0325/101734.669:ERROR:process_reader_win.cc(123)] NtOpenThread: {Access Denied} A process has requested access to an object, but has not been granted those access rights. (0xc0000022)
[0325/101734.670:ERROR:exception_snapshot_win.cc(98)] thread ID 19956 not found in process
[0325/103124.315:ERROR:process_reader_win.cc(123)] NtOpenThread: {Access Denied} A process has requested access to an object, but has not been granted those access rights. (0xc0000022)
[0325/103124.316:ERROR:exception_snapshot_win.cc(98)] thread ID 17984 not found in process
[0325/103410.221:ERROR:process_reader_win.cc(123)] NtOpenThread: {Access Denied} A process has requested access to an object, but has not been granted those access rights. (0xc0000022)
[0325/103410.223:ERROR:exception_snapshot_win.cc(98)] thread ID 16392 not found in process
[0325/103641.020:ERROR:process_reader_win.cc(123)] NtOpenThread: {Access Denied} A process has requested access to an object, but has not been granted those access rights. (0xc0000022)
[0325/103641.021:ERROR:exception_snapshot_win.cc(98)] thread ID 20428 not found in process
[0325/103641.021:ERROR:scoped_process_suspend.cc(40)] NtResumeProcess: An attempt was made to access an exiting process. (0xc000010a)
[0325/104019.861:ERROR:process_reader_win.cc(123)] NtOpenThread: {Access Denied} A process has requested access to an object, but has not been granted those access rights. (0xc0000022)
[0325/104019.863:ERROR:exception_snapshot_win.cc(98)] thread ID 14940 not found in process
[0325/104019.863:ERROR:scoped_process_suspend.cc(40)] NtResumeProcess: An attempt was made to access an exiting process. (0xc000010a)
[0325/104105.196:ERROR:process_reader_win.cc(123)] NtOpenThread: {Access Denied} A process has requested access to an object, but has not been granted those access rights. (0xc0000022)
[0325/104105.197:ERROR:exception_snapshot_win.cc(98)] thread ID 11688 not found in process
[0325/104145.906:ERROR:process_reader_win.cc(123)] NtOpenThread: {Access Denied} A process has requested access to an object, but has not been granted those access rights. (0xc0000022)
[0325/104145.907:ERROR:exception_snapshot_win.cc(98)] thread ID 16216 not found in process
[0325/104145.907:ERROR:scoped_process_suspend.cc(40)] NtResumeProcess: An attempt was made to access an exiting process. (0xc000010a)
[0325/104405.681:ERROR:process_reader_win.cc(123)] NtOpenThread: {Access Denied} A process has requested access to an object, but has not been granted those access rights. (0xc0000022)
[0325/104405.682:ERROR:exception_snapshot_win.cc(98)] thread ID 20388 not found in process
[0325/104414.759:ERROR:process_reader_win.cc(123)] NtOpenThread: {Access Denied} A process has requested access to an object, but has not been granted those access rights. (0xc0000022)
[0325/104414.761:ERROR:exception_snapshot_win.cc(98)] thread ID 11080 not found in process
[0325/104428.806:ERROR:process_reader_win.cc(123)] NtOpenThread: {Access Denied} A process has requested access to an object, but has not been granted those access rights. (0xc0000022)
[0325/104428.807:ERROR:exception_snapshot_win.cc(98)] thread ID 7036 not found in process
[0325/104443.725:ERROR:process_reader_win.cc(123)] NtOpenThread: {Access Denied} A process has requested access to an object, but has not been granted those access rights. (0xc0000022)
[0325/104443.727:ERROR:exception_snapshot_win.cc(98)] thread ID 18816 not found in process
[0325/104500.403:ERROR:process_reader_win.cc(123)] NtOpenThread: {Access Denied} A process has requested access to an object, but has not been granted those access rights. (0xc0000022)
[0325/104500.405:ERROR:exception_snapshot_win.cc(98)] thread ID 18212 not found in process
[0325/104522.725:ERROR:process_reader_win.cc(123)] NtOpenThread: {Access Denied} A process has requested access to an object, but has not been granted those access rights. (0xc0000022)
[0325/104522.728:ERROR:exception_snapshot_win.cc(98)] thread ID 15252 not found in process
[0325/104537.140:ERROR:process_reader_win.cc(151)] SuspendThread: Access is denied. (0x5)
[0325/104537.142:ERROR:process_reader_win.cc(123)] NtOpenThread: {Access Denied} A process has requested access to an object, but has not been granted those access rights. (0xc0000022)
[0325/104537.142:ERROR:exception_snapshot_win.cc(98)] thread ID 6072 not found in process
[0325/104549.510:ERROR:process_reader_win.cc(123)] NtOpenThread: {Access Denied} A process has requested access to an object, but has not been granted those access rights. (0xc0000022)
[0325/104549.512:ERROR:exception_snapshot_win.cc(98)] thread ID 16900 not found in process
[0325/104611.316:ERROR:process_reader_win.cc(123)] NtOpenThread: {Access Denied} A process has requested access to an object, but has not been granted those access rights. (0xc0000022)
[0325/104611.317:ERROR:exception_snapshot_win.cc(98)] thread ID 14736 not found in process
[0325/104626.537:ERROR:process_reader_win.cc(123)] NtOpenThread: {Access Denied} A process has requested access to an object, but has not been granted those access rights. (0xc0000022)
[0325/104626.538:ERROR:exception_snapshot_win.cc(98)] thread ID 19172 not found in process
[0325/105746.098:ERROR:process_reader_win.cc(123)] NtOpenThread: {Access Denied} A process has requested access to an object, but has not been granted those access rights. (0xc0000022)
[0325/105746.099:ERROR:exception_snapshot_win.cc(98)] thread ID 20020 not found in process
[0325/105826.707:ERROR:process_reader_win.cc(123)] NtOpenThread: {Access Denied} A process has requested access to an object, but has not been granted those access rights. (0xc0000022)
[0325/105826.709:ERROR:exception_snapshot_win.cc(98)] thread ID 19724 not found in process
[0325/105923.425:ERROR:process_reader_win.cc(123)] NtOpenThread: {Access Denied} A process has requested access to an object, but has not been granted those access rights. (0xc0000022)
[0325/105923.426:ERROR:exception_snapshot_win.cc(98)] thread ID 16788 not found in process
[0325/105938.509:ERROR:process_reader_win.cc(123)] NtOpenThread: {Access Denied} A process has requested access to an object, but has not been granted those access rights. (0xc0000022)
[0325/105938.510:ERROR:exception_snapshot_win.cc(98)] thread ID 17316 not found in process
[0325/110032.242:ERROR:process_reader_win.cc(123)] NtOpenThread: {Access Denied} A process has requested access to an object, but has not been granted those access rights. (0xc0000022)
[0325/110032.243:ERROR:exception_snapshot_win.cc(98)] thread ID 10036 not found in process
[0325/110055.548:ERROR:process_reader_win.cc(123)] NtOpenThread: {Access Denied} A process has requested access to an object, but has not been granted those access rights. (0xc0000022)
[0325/110055.550:ERROR:exception_snapshot_win.cc(98)] thread ID 7264 not found in process
[0325/110123.946:ERROR:process_reader_win.cc(123)] NtOpenThread: {Access Denied} A process has requested access to an object, but has not been granted those access rights. (0xc0000022)
[0325/110123.947:ERROR:exception_snapshot_win.cc(98)] thread ID 14676 not found in process
[0325/110232.349:ERROR:process_reader_win.cc(123)] NtOpenThread: {Access Denied} A process has requested access to an object, but has not been granted those access rights. (0xc0000022)
[0325/110232.350:ERROR:exception_snapshot_win.cc(98)] thread ID 18380 not found in process
[0325/110304.840:ERROR:process_reader_win.cc(123)] NtOpenThread: {Access Denied} A process has requested access to an object, but has not been granted those access rights. (0xc0000022)
[0325/110304.842:ERROR:exception_snapshot_win.cc(98)] thread ID 12964 not found in process
[0325/110456.407:ERROR:process_reader_win.cc(123)] NtOpenThread: {Access Denied} A process has requested access to an object, but has not been granted those access rights. (0xc0000022)
[0325/110456.409:ERROR:exception_snapshot_win.cc(98)] thread ID 15312 not found in process
[0325/110526.554:ERROR:process_reader_win.cc(123)] NtOpenThread: {Access Denied} A process has requested access to an object, but has not been granted those access rights. (0xc0000022)
[0325/110526.555:ERROR:exception_snapshot_win.cc(98)] thread ID 19612 not found in process
[0325/110603.093:ERROR:process_reader_win.cc(123)] NtOpenThread: {Access Denied} A process has requested access to an object, but has not been granted those access rights. (0xc0000022)
[0325/110603.094:ERROR:exception_snapshot_win.cc(98)] thread ID 17032 not found in process
[0325/110621.353:ERROR:process_reader_win.cc(123)] NtOpenThread: {Access Denied} A process has requested access to an object, but has not been granted those access rights. (0xc0000022)
[0325/110621.354:ERROR:exception_snapshot_win.cc(98)] thread ID 18260 not found in process
[0325/110656.504:ERROR:process_reader_win.cc(123)] NtOpenThread: {Access Denied} A process has requested access to an object, but has not been granted those access rights. (0xc0000022)
[0325/110656.505:ERROR:exception_snapshot_win.cc(98)] thread ID 17832 not found in process
[0325/110722.595:ERROR:process_reader_win.cc(123)] NtOpenThread: {Access Denied} A process has requested access to an object, but has not been granted those access rights. (0xc0000022)
[0325/110722.596:ERROR:exception_snapshot_win.cc(98)] thread ID 12464 not found in process
[0325/110737.808:ERROR:process_reader_win.cc(123)] NtOpenThread: {Access Denied} A process has requested access to an object, but has not been granted those access rights. (0xc0000022)
[0325/110737.810:ERROR:exception_snapshot_win.cc(98)] thread ID 19744 not found in process
[0325/110756.279:ERROR:process_reader_win.cc(123)] NtOpenThread: {Access Denied} A process has requested access to an object, but has not been granted those access rights. (0xc0000022)
[0325/110756.281:ERROR:exception_snapshot_win.cc(98)] thread ID 13580 not found in process
[0325/110818.874:ERROR:process_reader_win.cc(123)] NtOpenThread: {Access Denied} A process has requested access to an object, but has not been granted those access rights. (0xc0000022)
[0325/110818.875:ERROR:exception_snapshot_win.cc(98)] thread ID 19728 not found in process
[0325/110852.408:ERROR:process_reader_win.cc(123)] NtOpenThread: {Access Denied} A process has requested access to an object, but has not been granted those access rights. (0xc0000022)
[0325/110852.409:ERROR:exception_snapshot_win.cc(98)] thread ID 11020 not found in process
[0325/111019.768:ERROR:process_reader_win.cc(123)] NtOpenThread: {Access Denied} A process has requested access to an object, but has not been granted those access rights. (0xc0000022)
[0325/111019.769:ERROR:exception_snapshot_win.cc(98)] thread ID 8584 not found in process
[0325/111042.849:ERROR:process_reader_win.cc(123)] NtOpenThread: {Access Denied} A process has requested access to an object, but has not been granted those access rights. (0xc0000022)
[0325/111042.850:ERROR:exception_snapshot_win.cc(98)] thread ID 10464 not found in process
[0325/111121.921:ERROR:process_reader_win.cc(123)] NtOpenThread: {Access Denied} A process has requested access to an object, but has not been granted those access rights. (0xc0000022)
[0325/111121.922:ERROR:exception_snapshot_win.cc(98)] thread ID 17328 not found in process
[0325/111430.181:ERROR:process_reader_win.cc(123)] NtOpenThread: {Access Denied} A process has requested access to an object, but has not been granted those access rights. (0xc0000022)
[0325/111430.182:ERROR:exception_snapshot_win.cc(98)] thread ID 2164 not found in process
[0325/111522.873:ERROR:process_reader_win.cc(123)] NtOpenThread: {Access Denied} A process has requested access to an object, but has not been granted those access rights. (0xc0000022)
[0325/111522.874:ERROR:exception_snapshot_win.cc(98)] thread ID 10672 not found in process
[0325/111522.875:ERROR:scoped_process_suspend.cc(40)] NtResumeProcess: An attempt was made to access an exiting process. (0xc000010a)
[0325/111536.071:ERROR:process_reader_win.cc(123)] NtOpenThread: {Access Denied} A process has requested access to an object, but has not been granted those access rights. (0xc0000022)
[0325/111536.072:ERROR:exception_snapshot_win.cc(98)] thread ID 19132 not found in process
[0325/111715.669:ERROR:process_reader_win.cc(123)] NtOpenThread: {Access Denied} A process has requested access to an object, but has not been granted those access rights. (0xc0000022)
[0325/111715.670:ERROR:exception_snapshot_win.cc(98)] thread ID 14308 not found in process
[0325/111735.624:ERROR:process_reader_win.cc(123)] NtOpenThread: {Access Denied} A process has requested access to an object, but has not been granted those access rights. (0xc0000022)
[0325/111735.625:ERROR:exception_snapshot_win.cc(98)] thread ID 10520 not found in process
[0325/111751.176:ERROR:process_reader_win.cc(123)] NtOpenThread: {Access Denied} A process has requested access to an object, but has not been granted those access rights. (0xc0000022)
[0325/111751.177:ERROR:exception_snapshot_win.cc(98)] thread ID 5352 not found in process
[0325/111840.092:ERROR:process_reader_win.cc(123)] NtOpenThread: {Access Denied} A process has requested access to an object, but has not been granted those access rights. (0xc0000022)
[0325/111840.094:ERROR:exception_snapshot_win.cc(98)] thread ID 18232 not found in process
[0325/111921.185:ERROR:process_reader_win.cc(123)] NtOpenThread: {Access Denied} A process has requested access to an object, but has not been granted those access rights. (0xc0000022)
[0325/111921.187:ERROR:exception_snapshot_win.cc(98)] thread ID 17580 not found in process
[0325/112318.328:ERROR:process_reader_win.cc(123)] NtOpenThread: {Access Denied} A process has requested access to an object, but has not been granted those access rights. (0xc0000022)
[0325/112318.330:ERROR:exception_snapshot_win.cc(98)] thread ID 17776 not found in process
[0325/112349.347:ERROR:process_reader_win.cc(123)] NtOpenThread: {Access Denied} A process has requested access to an object, but has not been granted those access rights. (0xc0000022)
[0325/112349.349:ERROR:exception_snapshot_win.cc(98)] thread ID 15280 not found in process
[0325/112349.349:ERROR:scoped_process_suspend.cc(40)] NtResumeProcess: An attempt was made to access an exiting process. (0xc000010a)
[0325/113340.642:ERROR:process_reader_win.cc(151)] SuspendThread: Access is denied. (0x5)
[0325/113340.643:ERROR:process_reader_win.cc(151)] SuspendThread: Access is denied. (0x5)
[0325/113340.643:ERROR:process_reader_win.cc(151)] SuspendThread: Access is denied. (0x5)
[0325/113340.643:ERROR:process_reader_win.cc(123)] NtOpenThread: {Access Denied} A process has requested access to an object, but has not been granted those access rights. (0xc0000022)
[0325/113340.643:ERROR:exception_snapshot_win.cc(98)] thread ID 16392 not found in process
[0325/113742.934:ERROR:process_reader_win.cc(123)] NtOpenThread: {Access Denied} A process has requested access to an object, but has not been granted those access rights. (0xc0000022)
[0325/113742.935:ERROR:exception_snapshot_win.cc(98)] thread ID 16312 not found in process
[0325/113800.309:ERROR:process_reader_win.cc(123)] NtOpenThread: {Access Denied} A process has requested access to an object, but has not been granted those access rights. (0xc0000022)
[0325/113800.310:ERROR:exception_snapshot_win.cc(98)] thread ID 20148 not found in process
[0325/113821.418:ERROR:process_reader_win.cc(123)] NtOpenThread: {Access Denied} A process has requested access to an object, but has not been granted those access rights. (0xc0000022)
[0325/113821.420:ERROR:exception_snapshot_win.cc(98)] thread ID 6864 not found in process
[0325/113941.361:ERROR:process_reader_win.cc(123)] NtOpenThread: {Access Denied} A process has requested access to an object, but has not been granted those access rights. (0xc0000022)
[0325/113941.363:ERROR:exception_snapshot_win.cc(98)] thread ID 2904 not found in process
[0325/114047.633:ERROR:process_reader_win.cc(151)] SuspendThread: Access is denied. (0x5)
[0325/114047.635:ERROR:process_reader_win.cc(151)] SuspendThread: Access is denied. (0x5)
[0325/114047.635:ERROR:process_reader_win.cc(151)] SuspendThread: Access is denied. (0x5)
[0325/114047.635:ERROR:process_reader_win.cc(123)] NtOpenThread: {Access Denied} A process has requested access to an object, but has not been granted those access rights. (0xc0000022)
[0325/114047.635:ERROR:exception_snapshot_win.cc(98)] thread ID 17584 not found in process
[0325/121058.338:ERROR:process_reader_win.cc(123)] NtOpenThread: {Access Denied} A process has requested access to an object, but has not been granted those access rights. (0xc0000022)
[0325/121058.340:ERROR:exception_snapshot_win.cc(98)] thread ID 16640 not found in process
[0325/121505.735:ERROR:process_reader_win.cc(123)] NtOpenThread: {Access Denied} A process has requested access to an object, but has not been granted those access rights. (0xc0000022)
[0325/121505.737:ERROR:exception_snapshot_win.cc(98)] thread ID 3840 not found in process
[0325/121505.737:ERROR:scoped_process_suspend.cc(40)] NtResumeProcess: An attempt was made to access an exiting process. (0xc000010a)
[0325/121809.227:ERROR:process_reader_win.cc(151)] SuspendThread: Access is denied. (0x5)
[0325/121809.227:ERROR:process_reader_win.cc(151)] SuspendThread: Access is denied. (0x5)
[0325/121809.227:ERROR:process_reader_win.cc(123)] NtOpenThread: {Access Denied} A process has requested access to an object, but has not been granted those access rights. (0xc0000022)
[0325/121809.227:ERROR:exception_snapshot_win.cc(98)] thread ID 19612 not found in process
[0325/125446.508:ERROR:process_reader_win.cc(123)] NtOpenThread: {Access Denied} A process has requested access to an object, but has not been granted those access rights. (0xc0000022)
[0325/125446.524:ERROR:exception_snapshot_win.cc(98)] thread ID 19720 not found in process
[0325/125524.484:ERROR:process_reader_win.cc(123)] NtOpenThread: {Access Denied} A process has requested access to an object, but has not been granted those access rights. (0xc0000022)
[0325/125524.485:ERROR:exception_snapshot_win.cc(98)] thread ID 14760 not found in process
[0325/125534.565:ERROR:process_reader_win.cc(123)] NtOpenThread: {Access Denied} A process has requested access to an object, but has not been granted those access rights. (0xc0000022)
[0325/125534.565:ERROR:exception_snapshot_win.cc(98)] thread ID 18104 not found in process
[0325/130508.105:ERROR:process_reader_win.cc(123)] NtOpenThread: {Access Denied} A process has requested access to an object, but has not been granted those access rights. (0xc0000022)
[0325/130508.105:ERROR:exception_snapshot_win.cc(98)] thread ID 10260 not found in process
[0325/161318.512:ERROR:process_reader_win.cc(123)] NtOpenThread: {Access Denied} A process has requested access to an object, but has not been granted those access rights. (0xc0000022)
[0325/161318.514:ERROR:exception_snapshot_win.cc(98)] thread ID 11776 not found in process
[0325/161900.233:ERROR:process_reader_win.cc(151)] SuspendThread: Access is denied. (0x5)
[0325/161900.235:ERROR:process_reader_win.cc(151)] SuspendThread: Access is denied. (0x5)
[0325/161900.235:ERROR:process_reader_win.cc(151)] SuspendThread: Access is denied. (0x5)
[0325/161900.235:ERROR:process_reader_win.cc(123)] NtOpenThread: {Access Denied} A process has requested access to an object, but has not been granted those access rights. (0xc0000022)
[0325/161900.235:ERROR:exception_snapshot_win.cc(98)] thread ID 8860 not found in process
[0325/161937.713:ERROR:process_reader_win.cc(151)] SuspendThread: Access is denied. (0x5)
[0325/161937.714:ERROR:process_reader_win.cc(151)] SuspendThread: Access is denied. (0x5)
[0325/161937.714:ERROR:process_reader_win.cc(151)] SuspendThread: Access is denied. (0x5)
[0325/161937.714:ERROR:process_reader_win.cc(151)] SuspendThread: Access is denied. (0x5)
[0325/161937.714:ERROR:process_reader_win.cc(151)] SuspendThread: Access is denied. (0x5)
[0325/161937.714:ERROR:process_reader_win.cc(123)] NtOpenThread: {Access Denied} A process has requested access to an object, but has not been granted those access rights. (0xc0000022)
[0325/161937.715:ERROR:exception_snapshot_win.cc(98)] thread ID 11532 not found in process
[0325/162017.625:ERROR:process_reader_win.cc(151)] SuspendThread: Access is denied. (0x5)
[0325/162017.626:ERROR:process_reader_win.cc(123)] NtOpenThread: {Access Denied} A process has requested access to an object, but has not been granted those access rights. (0xc0000022)
[0325/162017.627:ERROR:exception_snapshot_win.cc(98)] thread ID 15608 not found in process
[0325/162032.406:ERROR:process_reader_win.cc(151)] SuspendThread: Access is denied. (0x5)
[0325/162032.407:ERROR:process_reader_win.cc(123)] NtOpenThread: {Access Denied} A process has requested access to an object, but has not been granted those access rights. (0xc0000022)
[0325/162032.408:ERROR:exception_snapshot_win.cc(98)] thread ID 6596 not found in process
[0325/162038.560:ERROR:process_reader_win.cc(123)] NtOpenThread: {Access Denied} A process has requested access to an object, but has not been granted those access rights. (0xc0000022)
[0325/162038.561:ERROR:exception_snapshot_win.cc(98)] thread ID 16956 not found in process
[0325/162157.115:ERROR:process_reader_win.cc(151)] SuspendThread: Access is denied. (0x5)
[0325/162157.116:ERROR:process_reader_win.cc(123)] NtOpenThread: {Access Denied} A process has requested access to an object, but has not been granted those access rights. (0xc0000022)
[0325/162157.117:ERROR:exception_snapshot_win.cc(98)] thread ID 14256 not found in process
[0325/172137.497:ERROR:process_reader_win.cc(151)] SuspendThread: Access is denied. (0x5)
[0325/172137.499:ERROR:process_reader_win.cc(151)] SuspendThread: Access is denied. (0x5)
[0325/172137.499:ERROR:process_reader_win.cc(123)] NtOpenThread: {Access Denied} A process has requested access to an object, but has not been granted those access rights. (0xc0000022)
[0325/172137.499:ERROR:exception_snapshot_win.cc(98)] thread ID 18264 not found in process
[0325/173508.736:ERROR:process_reader_win.cc(123)] NtOpenThread: {Access Denied} A process has requested access to an object, but has not been granted those access rights. (0xc0000022)
[0325/173508.737:ERROR:exception_snapshot_win.cc(98)] thread ID 19396 not found in process
[0325/173508.738:ERROR:scoped_process_suspend.cc(40)] NtResumeProcess: An attempt was made to access an exiting process. (0xc000010a)
[0325/182424.618:ERROR:process_reader_win.cc(123)] NtOpenThread: {Access Denied} A process has requested access to an object, but has not been granted those access rights. (0xc0000022)
[0325/182424.618:ERROR:exception_snapshot_win.cc(98)] thread ID 6684 not found in process
[0325/182722.533:ERROR:process_reader_win.cc(123)] NtOpenThread: {Access Denied} A process has requested access to an object, but has not been granted those access rights. (0xc0000022)
[0325/182722.535:ERROR:exception_snapshot_win.cc(98)] thread ID 10980 not found in process
