0 info it worked if it ends with ok
1 verbose cli [ 'C:\\Program Files\\nodejs\\node.exe',
1 verbose cli   'C:\\Users\\User 3\\AppData\\Roaming\\npm\\node_modules\\npm\\bin\\npm-cli.js',
1 verbose cli   'install',
1 verbose cli   'htmlunit' ]
2 info using npm@3.10.10
3 info using node@v10.14.1
4 silly loadCurrentTree Starting
5 silly install loadCurrentTree
6 silly install readLocalPackageData
7 silly fetchPackageMetaData htmlunit
8 silly fetchNamedPackageData htmlunit
9 silly mapToRegistry name htmlunit
10 silly mapToRegistry using default registry
11 silly mapToRegistry registry https://registry.npmjs.org/
12 silly mapToRegistry data Result {
12 silly mapToRegistry   raw: 'htmlunit',
12 silly mapToRegistry   scope: null,
12 silly mapToRegistry   escapedName: 'htmlunit',
12 silly mapToRegistry   name: 'htmlunit',
12 silly mapToRegistry   rawSpec: '',
12 silly mapToRegistry   spec: 'latest',
12 silly mapToRegistry   type: 'tag' }
13 silly mapToRegistry uri https://registry.npmjs.org/htmlunit
14 verbose request uri https://registry.npmjs.org/htmlunit
15 verbose request no auth needed
16 info attempt registry request try #1 at 3:02:48 PM
17 verbose request id 7c4fce47d66dcae2
18 http request GET https://registry.npmjs.org/htmlunit
19 http 404 https://registry.npmjs.org/htmlunit
20 verbose headers { date: 'Thu, 28 Mar 2019 07:02:47 GMT',
20 verbose headers   'content-type': 'application/json',
20 verbose headers   'content-length': '21',
20 verbose headers   connection: 'keep-alive',
20 verbose headers   'set-cookie':
20 verbose headers    [ '__cfduid=dfeeb8e78455ba71f0a87d536b33bb64b1553756566; expires=Fri, 27-Mar-20 07:02:46 GMT; path=/; domain=.registry.npmjs.org; HttpOnly' ],
20 verbose headers   'cf-cache-status': 'MISS',
20 verbose headers   'cache-control': 'max-age=300',
20 verbose headers   'cf-ray': '4be7bd8d9a084835-MNL',
20 verbose headers   'expect-ct':
20 verbose headers    'max-age=604800, report-uri="https://report-uri.cloudflare.com/cdn-cgi/beacon/expect-ct"',
20 verbose headers   vary: 'accept-encoding, accept',
20 verbose headers   server: 'cloudflare' }
21 silly get cb [ 404,
21 silly get   { date: 'Thu, 28 Mar 2019 07:02:47 GMT',
21 silly get     'content-type': 'application/json',
21 silly get     'content-length': '21',
21 silly get     connection: 'keep-alive',
21 silly get     'set-cookie':
21 silly get      [ '__cfduid=dfeeb8e78455ba71f0a87d536b33bb64b1553756566; expires=Fri, 27-Mar-20 07:02:46 GMT; path=/; domain=.registry.npmjs.org; HttpOnly' ],
21 silly get     'cf-cache-status': 'MISS',
21 silly get     'cache-control': 'max-age=300',
21 silly get     'cf-ray': '4be7bd8d9a084835-MNL',
21 silly get     'expect-ct':
21 silly get      'max-age=604800, report-uri="https://report-uri.cloudflare.com/cdn-cgi/beacon/expect-ct"',
21 silly get     vary: 'accept-encoding, accept',
21 silly get     server: 'cloudflare' } ]
22 silly fetchPackageMetaData Error: Not found : htmlunit
22 silly fetchPackageMetaData     at makeError (C:\Users\User 3\AppData\Roaming\npm\node_modules\npm\node_modules\npm-registry-client\lib\request.js:302:12)
22 silly fetchPackageMetaData     at CachingRegistryClient.<anonymous> (C:\Users\User 3\AppData\Roaming\npm\node_modules\npm\node_modules\npm-registry-client\lib\request.js:290:14)
22 silly fetchPackageMetaData     at Request._callback (C:\Users\User 3\AppData\Roaming\npm\node_modules\npm\node_modules\npm-registry-client\lib\request.js:210:14)
22 silly fetchPackageMetaData     at Request.self.callback (C:\Users\User 3\AppData\Roaming\npm\node_modules\npm\node_modules\request\request.js:187:22)
22 silly fetchPackageMetaData     at Request.emit (events.js:182:13)
22 silly fetchPackageMetaData     at Request.<anonymous> (C:\Users\User 3\AppData\Roaming\npm\node_modules\npm\node_modules\request\request.js:1048:10)
22 silly fetchPackageMetaData     at Request.emit (events.js:182:13)
22 silly fetchPackageMetaData     at IncomingMessage.<anonymous> (C:\Users\User 3\AppData\Roaming\npm\node_modules\npm\node_modules\request\request.js:969:12)
22 silly fetchPackageMetaData     at IncomingMessage.emit (events.js:187:15)
22 silly fetchPackageMetaData     at endReadableNT (_stream_readable.js:1094:12)
22 silly fetchPackageMetaData  error for htmlunit { Error: Not found : htmlunit
22 silly fetchPackageMetaData     at makeError (C:\Users\User 3\AppData\Roaming\npm\node_modules\npm\node_modules\npm-registry-client\lib\request.js:302:12)
22 silly fetchPackageMetaData     at CachingRegistryClient.<anonymous> (C:\Users\User 3\AppData\Roaming\npm\node_modules\npm\node_modules\npm-registry-client\lib\request.js:290:14)
22 silly fetchPackageMetaData     at Request._callback (C:\Users\User 3\AppData\Roaming\npm\node_modules\npm\node_modules\npm-registry-client\lib\request.js:210:14)
22 silly fetchPackageMetaData     at Request.self.callback (C:\Users\User 3\AppData\Roaming\npm\node_modules\npm\node_modules\request\request.js:187:22)
22 silly fetchPackageMetaData     at Request.emit (events.js:182:13)
22 silly fetchPackageMetaData     at Request.<anonymous> (C:\Users\User 3\AppData\Roaming\npm\node_modules\npm\node_modules\request\request.js:1048:10)
22 silly fetchPackageMetaData     at Request.emit (events.js:182:13)
22 silly fetchPackageMetaData     at IncomingMessage.<anonymous> (C:\Users\User 3\AppData\Roaming\npm\node_modules\npm\node_modules\request\request.js:969:12)
22 silly fetchPackageMetaData     at IncomingMessage.emit (events.js:187:15)
22 silly fetchPackageMetaData     at endReadableNT (_stream_readable.js:1094:12) pkgid: 'htmlunit', statusCode: 404, code: 'E404' }
23 silly rollbackFailedOptional Starting
24 silly rollbackFailedOptional Finishing
25 silly runTopLevelLifecycles Finishing
26 silly install printInstalled
27 verbose stack Error: Not found : htmlunit
27 verbose stack     at makeError (C:\Users\User 3\AppData\Roaming\npm\node_modules\npm\node_modules\npm-registry-client\lib\request.js:302:12)
27 verbose stack     at CachingRegistryClient.<anonymous> (C:\Users\User 3\AppData\Roaming\npm\node_modules\npm\node_modules\npm-registry-client\lib\request.js:290:14)
27 verbose stack     at Request._callback (C:\Users\User 3\AppData\Roaming\npm\node_modules\npm\node_modules\npm-registry-client\lib\request.js:210:14)
27 verbose stack     at Request.self.callback (C:\Users\User 3\AppData\Roaming\npm\node_modules\npm\node_modules\request\request.js:187:22)
27 verbose stack     at Request.emit (events.js:182:13)
27 verbose stack     at Request.<anonymous> (C:\Users\User 3\AppData\Roaming\npm\node_modules\npm\node_modules\request\request.js:1048:10)
27 verbose stack     at Request.emit (events.js:182:13)
27 verbose stack     at IncomingMessage.<anonymous> (C:\Users\User 3\AppData\Roaming\npm\node_modules\npm\node_modules\request\request.js:969:12)
27 verbose stack     at IncomingMessage.emit (events.js:187:15)
27 verbose stack     at endReadableNT (_stream_readable.js:1094:12)
28 verbose statusCode 404
29 verbose pkgid htmlunit
30 verbose cwd C:\Users\User 3\Desktop\seleniumjs
31 error Windows_NT 10.0.17763
32 error argv "C:\\Program Files\\nodejs\\node.exe" "C:\\Users\\User 3\\AppData\\Roaming\\npm\\node_modules\\npm\\bin\\npm-cli.js" "install" "htmlunit"
33 error node v10.14.1
34 error npm  v3.10.10
35 error code E404
36 error 404 Not found : htmlunit
37 error 404
38 error 404 'htmlunit' is not in the npm registry.
39 error 404 You should bug the author to publish it (or use the name yourself!)
40 error 404 Note that you can also install from a
41 error 404 tarball, folder, http url, or git url.
42 verbose exit [ 1, true ]
